#
# There is insufficient memory for the Java Runtime Environment to continue.
# Native memory allocation (malloc) failed to allocate 32744 bytes for ChunkPool::allocate
# Possible reasons:
#   The system is out of physical RAM or swap space
#   In 32 bit mode, the process size limit was hit
# Possible solutions:
#   Reduce memory load on the system
#   Increase physical memory or swap space
#   Check if swap backing store is full
#   Use 64 bit Java on a 64 bit OS
#   Decrease Java heap size (-Xmx/-Xms)
#   Decrease number of Java threads
#   Decrease Java thread stack sizes (-Xss)
#   Set larger code cache with -XX:ReservedCodeCacheSize=
# This output file may be truncated or incomplete.
#
#  Out of Memory Error (allocation.cpp:273), pid=2888, tid=0x0000000000001464
#
# JRE version: Java(TM) SE Runtime Environment (8.0_102-b14) (build 1.8.0_102-b14)
# Java VM: Java HotSpot(TM) 64-Bit Server VM (25.102-b14 mixed mode windows-amd64 compressed oops)
# Failed to write core dump. Minidumps are not enabled by default on client versions of Windows
#

---------------  T H R E A D  ---------------

Current thread (0x0000000014d13000):  JavaThread "C2 CompilerThread0" daemon [_thread_in_native, id=5220, stack(0x0000000016290000,0x0000000016390000)]

Stack: [0x0000000016290000,0x0000000016390000]
[error occurred during error reporting (printing stack bounds), id 0xc0000005]

Native frames: (J=compiled Java code, j=interpreted, Vv=VM code, C=native code)


Current CompileTask:
C2:   4154 3197       4       java.net.URLClassLoader$1::run (5 bytes)


---------------  P R O C E S S  ---------------

Java Threads: ( => current thread )
  0x0000000019255800 JavaThread "container-0" [_thread_blocked, id=11256, stack(0x000000001bd20000,0x000000001be20000)]
  0x0000000019214000 JavaThread "ContainerBackgroundProcessor[StandardEngine[Tomcat]]" daemon [_thread_blocked, id=6668, stack(0x000000001bc20000,0x000000001bd20000)]
  0x000000001ab59000 JavaThread "localhost-startStop-1" daemon [_thread_blocked, id=10884, stack(0x000000001b920000,0x000000001ba20000)]
  0x000000001925f000 JavaThread "Tomcat-startStop-1" daemon [_thread_blocked, id=11316, stack(0x000000001a570000,0x000000001a670000)]
  0x00000000165b9800 JavaThread "Service Thread" daemon [_thread_blocked, id=8540, stack(0x0000000016990000,0x0000000016a90000)]
  0x0000000014d20800 JavaThread "C1 CompilerThread2" daemon [_thread_blocked, id=12440, stack(0x0000000016490000,0x0000000016590000)]
  0x0000000014d15800 JavaThread "C2 CompilerThread1" daemon [_thread_in_native, id=4348, stack(0x0000000016390000,0x0000000016490000)]
=>0x0000000014d13000 JavaThread "C2 CompilerThread0" daemon [_thread_in_native, id=5220, stack(0x0000000016290000,0x0000000016390000)]
  0x0000000014d12000 JavaThread "Attach Listener" daemon [_thread_blocked, id=13612, stack(0x0000000016190000,0x0000000016290000)]
  0x0000000014d0f000 JavaThread "Signal Dispatcher" daemon [_thread_blocked, id=4404, stack(0x0000000016090000,0x0000000016190000)]
  0x0000000014d00000 JavaThread "Finalizer" daemon [_thread_blocked, id=13384, stack(0x0000000015f90000,0x0000000016090000)]
  0x0000000002762000 JavaThread "Reference Handler" daemon [_thread_blocked, id=3012, stack(0x0000000015e90000,0x0000000015f90000)]
  0x0000000002673800 JavaThread "main" [_thread_in_native, id=10728, stack(0x0000000002560000,0x0000000002660000)]

Other Threads:
  0x0000000014cd7800 VMThread [stack: 0x0000000015d90000,0x0000000015e90000] [id=11936]
  0x00000000165f5800 WatcherThread [stack: 0x0000000016a90000,0x0000000016b90000] [id=6672]

VM state:not at safepoint (normal execution)

VM Mutex/Monitor currently owned by a thread: None

Heap:
 PSYoungGen      total 137216K, used 16745K [0x00000000eb580000, 0x00000000f7880000, 0x0000000100000000)
  eden space 126976K, 5% used [0x00000000eb580000,0x00000000ebbdd640,0x00000000f3180000)
  from space 10240K, 99% used [0x00000000f3180000,0x00000000f3b7d058,0x00000000f3b80000)
  to   space 12800K, 0% used [0x00000000f6c00000,0x00000000f6c00000,0x00000000f7880000)
 ParOldGen       total 40960K, used 16399K [0x00000000c2000000, 0x00000000c4800000, 0x00000000eb580000)
  object space 40960K, 40% used [0x00000000c2000000,0x00000000c3003cb8,0x00000000c4800000)
 Metaspace       used 30184K, capacity 30506K, committed 30848K, reserved 1077248K
  class space    used 3825K, capacity 3898K, committed 3968K, reserved 1048576K

Card table byte_map: [0x0000000011b30000,0x0000000011d30000] byte_map_base: 0x0000000011520000

Marking Bits: (ParMarkBitMap*) 0x000000006e19a6c0
 Begin Bits: [0x0000000012280000, 0x0000000013200000)
 End Bits:   [0x0000000013200000, 0x0000000014180000)

Polling page: 0x0000000000600000

CodeCache: size=245760Kb used=12568Kb max_used=12568Kb free=233191Kb
 bounds [0x0000000002770000, 0x00000000033c0000, 0x0000000011770000]
 total_blobs=3609 nmethods=3199 adapters=322
 compilation: enabled

Compilation events (10 events):
Event: 4.040 Thread 0x0000000014d20800 3218       3       java.io.File::lastModified (33 bytes)
Event: 4.041 Thread 0x0000000014d20800 nmethod 3218 0x00000000033b2610 code [0x00000000033b2800, 0x00000000033b2f88]
Event: 4.052 Thread 0x0000000014d20800 3219       3       sun.misc.ProxyGenerator$ProxyMethod::access$1900 (6 bytes)
Event: 4.053 Thread 0x0000000014d20800 nmethod 3219 0x00000000033b3310 code [0x00000000033b3480, 0x00000000033b35e8]
Event: 4.053 Thread 0x0000000014d20800 3220       3       sun.misc.ProxyGenerator$ProxyMethod::codeFieldInitialization (241 bytes)
Event: 4.056 Thread 0x0000000014d20800 nmethod 3220 0x00000000033b36d0 code [0x00000000033b3ee0, 0x00000000033b8d98]
Event: 4.056 Thread 0x0000000014d20800 3221       3       sun.misc.ProxyGenerator::access$1800 (7 bytes)
Event: 4.056 Thread 0x0000000014d20800 nmethod 3221 0x00000000033bca50 code [0x00000000033bcbc0, 0x00000000033bcd28]
Event: 4.062 Thread 0x0000000014d20800 3222       3       java.net.URLClassLoader$3::next (73 bytes)
Event: 4.063 Thread 0x0000000014d20800 nmethod 3222 0x00000000033bce10 code [0x00000000033bcfe0, 0x00000000033bd658]

GC Heap History (10 events):
Event: 1.698 GC heap before
{Heap before GC invocations=6 (full 0):
 PSYoungGen      total 34304K, used 34288K [0x00000000eb580000, 0x00000000f0380000, 0x0000000100000000)
  eden space 31744K, 100% used [0x00000000eb580000,0x00000000ed480000,0x00000000ed480000)
  from space 2560K, 99% used [0x00000000ed480000,0x00000000ed6fc030,0x00000000ed700000)
  to   space 8192K, 0% used [0x00000000efb80000,0x00000000efb80000,0x00000000f0380000)
 ParOldGen       total 42496K, used 13144K [0x00000000c2000000, 0x00000000c4980000, 0x00000000eb580000)
  object space 42496K, 30% used [0x00000000c2000000,0x00000000c2cd6298,0x00000000c4980000)
 Metaspace       used 19353K, capacity 19646K, committed 19968K, reserved 1067008K
  class space    used 2401K, capacity 2472K, committed 2560K, reserved 1048576K
Event: 1.711 GC heap after
Heap after GC invocations=6 (full 0):
 PSYoungGen      total 70656K, used 4243K [0x00000000eb580000, 0x00000000f0280000, 0x0000000100000000)
  eden space 63488K, 0% used [0x00000000eb580000,0x00000000eb580000,0x00000000ef380000)
  from space 7168K, 59% used [0x00000000efb80000,0x00000000effa4d60,0x00000000f0280000)
  to   space 7680K, 0% used [0x00000000ef380000,0x00000000ef380000,0x00000000efb00000)
 ParOldGen       total 42496K, used 13144K [0x00000000c2000000, 0x00000000c4980000, 0x00000000eb580000)
  object space 42496K, 30% used [0x00000000c2000000,0x00000000c2cd6298,0x00000000c4980000)
 Metaspace       used 19353K, capacity 19646K, committed 19968K, reserved 1067008K
  class space    used 2401K, capacity 2472K, committed 2560K, reserved 1048576K
}
Event: 2.074 GC heap before
{Heap before GC invocations=7 (full 0):
 PSYoungGen      total 70656K, used 67731K [0x00000000eb580000, 0x00000000f0280000, 0x0000000100000000)
  eden space 63488K, 100% used [0x00000000eb580000,0x00000000ef380000,0x00000000ef380000)
  from space 7168K, 59% used [0x00000000efb80000,0x00000000effa4d60,0x00000000f0280000)
  to   space 7680K, 0% used [0x00000000ef380000,0x00000000ef380000,0x00000000efb00000)
 ParOldGen       total 42496K, used 13144K [0x00000000c2000000, 0x00000000c4980000, 0x00000000eb580000)
  object space 42496K, 30% used [0x00000000c2000000,0x00000000c2cd6298,0x00000000c4980000)
 Metaspace       used 19617K, capacity 19876K, committed 20224K, reserved 1067008K
  class space    used 2430K, capacity 2505K, committed 2560K, reserved 1048576K
Event: 2.088 GC heap after
Heap after GC invocations=7 (full 0):
 PSYoungGen      total 71168K, used 7649K [0x00000000eb580000, 0x00000000f4680000, 0x0000000100000000)
  eden space 63488K, 0% used [0x00000000eb580000,0x00000000eb580000,0x00000000ef380000)
  from space 7680K, 99% used [0x00000000ef380000,0x00000000efaf85e8,0x00000000efb00000)
  to   space 10752K, 0% used [0x00000000f3c00000,0x00000000f3c00000,0x00000000f4680000)
 ParOldGen       total 42496K, used 16597K [0x00000000c2000000, 0x00000000c4980000, 0x00000000eb580000)
  object space 42496K, 39% used [0x00000000c2000000,0x00000000c3035590,0x00000000c4980000)
 Metaspace       used 19617K, capacity 19876K, committed 20224K, reserved 1067008K
  class space    used 2430K, capacity 2505K, committed 2560K, reserved 1048576K
}
Event: 2.309 GC heap before
{Heap before GC invocations=8 (full 0):
 PSYoungGen      total 71168K, used 37108K [0x00000000eb580000, 0x00000000f4680000, 0x0000000100000000)
  eden space 63488K, 46% used [0x00000000eb580000,0x00000000ed244d48,0x00000000ef380000)
  from space 7680K, 99% used [0x00000000ef380000,0x00000000efaf85e8,0x00000000efb00000)
  to   space 10752K, 0% used [0x00000000f3c00000,0x00000000f3c00000,0x00000000f4680000)
 ParOldGen       total 42496K, used 16597K [0x00000000c2000000, 0x00000000c4980000, 0x00000000eb580000)
  object space 42496K, 39% used [0x00000000c2000000,0x00000000c3035590,0x00000000c4980000)
 Metaspace       used 20756K, capacity 21072K, committed 21296K, reserved 1069056K
  class space    used 2579K, capacity 2667K, committed 2688K, reserved 1048576K
Event: 2.315 GC heap after
Heap after GC invocations=8 (full 0):
 PSYoungGen      total 136704K, used 5065K [0x00000000eb580000, 0x00000000f4580000, 0x0000000100000000)
  eden space 126976K, 0% used [0x00000000eb580000,0x00000000eb580000,0x00000000f3180000)
  from space 9728K, 52% used [0x00000000f3c00000,0x00000000f40f27c0,0x00000000f4580000)
  to   space 10240K, 0% used [0x00000000f3180000,0x00000000f3180000,0x00000000f3b80000)
 ParOldGen       total 42496K, used 17767K [0x00000000c2000000, 0x00000000c4980000, 0x00000000eb580000)
  object space 42496K, 41% used [0x00000000c2000000,0x00000000c3159c28,0x00000000c4980000)
 Metaspace       used 20756K, capacity 21072K, committed 21296K, reserved 1069056K
  class space    used 2579K, capacity 2667K, committed 2688K, reserved 1048576K
}
Event: 2.315 GC heap before
{Heap before GC invocations=9 (full 1):
 PSYoungGen      total 136704K, used 5065K [0x00000000eb580000, 0x00000000f4580000, 0x0000000100000000)
  eden space 126976K, 0% used [0x00000000eb580000,0x00000000eb580000,0x00000000f3180000)
  from space 9728K, 52% used [0x00000000f3c00000,0x00000000f40f27c0,0x00000000f4580000)
  to   space 10240K, 0% used [0x00000000f3180000,0x00000000f3180000,0x00000000f3b80000)
 ParOldGen       total 42496K, used 17767K [0x00000000c2000000, 0x00000000c4980000, 0x00000000eb580000)
  object space 42496K, 41% used [0x00000000c2000000,0x00000000c3159c28,0x00000000c4980000)
 Metaspace       used 20756K, capacity 21072K, committed 21296K, reserved 1069056K
  class space    used 2579K, capacity 2667K, committed 2688K, reserved 1048576K
Event: 2.353 GC heap after
Heap after GC invocations=9 (full 1):
 PSYoungGen      total 136704K, used 0K [0x00000000eb580000, 0x00000000f4580000, 0x0000000100000000)
  eden space 126976K, 0% used [0x00000000eb580000,0x00000000eb580000,0x00000000f3180000)
  from space 9728K, 0% used [0x00000000f3c00000,0x00000000f3c00000,0x00000000f4580000)
  to   space 10240K, 0% used [0x00000000f3180000,0x00000000f3180000,0x00000000f3b80000)
 ParOldGen       total 40960K, used 13598K [0x00000000c2000000, 0x00000000c4800000, 0x00000000eb580000)
  object space 40960K, 33% used [0x00000000c2000000,0x00000000c2d47a10,0x00000000c4800000)
 Metaspace       used 20756K, capacity 21072K, committed 21296K, reserved 1069056K
  class space    used 2579K, capacity 2667K, committed 2688K, reserved 1048576K
}
Event: 3.815 GC heap before
{Heap before GC invocations=10 (full 1):
 PSYoungGen      total 136704K, used 126976K [0x00000000eb580000, 0x00000000f4580000, 0x0000000100000000)
  eden space 126976K, 100% used [0x00000000eb580000,0x00000000f3180000,0x00000000f3180000)
  from space 9728K, 0% used [0x00000000f3c00000,0x00000000f3c00000,0x00000000f4580000)
  to   space 10240K, 0% used [0x00000000f3180000,0x00000000f3180000,0x00000000f3b80000)
 ParOldGen       total 40960K, used 13598K [0x00000000c2000000, 0x00000000c4800000, 0x00000000eb580000)
  object space 40960K, 33% used [0x00000000c2000000,0x00000000c2d47a10,0x00000000c4800000)
 Metaspace       used 29581K, capacity 29982K, committed 30208K, reserved 1075200K
  class space    used 3734K, capacity 3832K, committed 3840K, reserved 1048576K
Event: 3.832 GC heap after
Heap after GC invocations=10 (full 1):
 PSYoungGen      total 137216K, used 10228K [0x00000000eb580000, 0x00000000f7880000, 0x0000000100000000)
  eden space 126976K, 0% used [0x00000000eb580000,0x00000000eb580000,0x00000000f3180000)
  from space 10240K, 99% used [0x00000000f3180000,0x00000000f3b7d058,0x00000000f3b80000)
  to   space 12800K, 0% used [0x00000000f6c00000,0x00000000f6c00000,0x00000000f7880000)
 ParOldGen       total 40960K, used 16399K [0x00000000c2000000, 0x00000000c4800000, 0x00000000eb580000)
  object space 40960K, 40% used [0x00000000c2000000,0x00000000c3003cb8,0x00000000c4800000)
 Metaspace       used 29581K, capacity 29982K, committed 30208K, reserved 1075200K
  class space    used 3734K, capacity 3832K, committed 3840K, reserved 1048576K
}

Deoptimization events (10 events):
Event: 3.315 Thread 0x000000001ab59000 Uncommon trap: reason=class_check action=maybe_recompile pc=0x00000000031e473c method=java.util.zip.InflaterInputStream.read([BII)I @ 100
Event: 3.315 Thread 0x000000001ab59000 Uncommon trap: reason=class_check action=maybe_recompile pc=0x00000000031e473c method=java.util.zip.InflaterInputStream.read([BII)I @ 100
Event: 3.315 Thread 0x000000001ab59000 Uncommon trap: reason=class_check action=maybe_recompile pc=0x00000000031e473c method=java.util.zip.InflaterInputStream.read([BII)I @ 100
Event: 3.456 Thread 0x000000001ab59000 Uncommon trap: reason=unstable_if action=reinterpret pc=0x00000000032b1e30 method=java.util.Properties$LineReader.readLine()I @ 180
Event: 3.467 Thread 0x000000001ab59000 Uncommon trap: reason=unstable_if action=reinterpret pc=0x0000000002ed3d80 method=org.springframework.util.ConcurrentReferenceHashMap$Segment.findInChain(Lorg/springframework/util/ConcurrentReferenceHashMap$Reference;Ljava/lang/Object;I)Lorg/springframeworO$¸Ω@
Event: 3.467 Thread 0x000000001ab59000 Uncommon trap: reason=unstable_if action=reinterpret pc=0x0000000002eb5c68 method=org.springframework.util.ConcurrentReferenceHashMap$Segment.findInChain(Lorg/springframework/util/ConcurrentReferenceHashMap$Reference;Ljava/lang/Object;I)Lorg/springframeworXº¶"≤⁄@
Event: 3.607 Thread 0x0000000002673800 Uncommon trap: reason=bimorphic action=maybe_recompile pc=0x0000000002eb67f0 method=java.util.Hashtable.get(Ljava/lang/Object;)Ljava/lang/Object; @ 6
Event: 3.607 Thread 0x0000000002673800 Uncommon trap: reason=bimorphic action=maybe_recompile pc=0x0000000002eb67f0 method=java.util.Hashtable.get(Ljava/lang/Object;)Ljava/lang/Object; @ 6
Event: 3.636 Thread 0x0000000002673800 Uncommon trap: reason=null_check action=make_not_entrant pc=0x0000000003330a20 method=org.springframework.util.ClassUtils.isAssignable(Ljava/lang/Class;Ljava/lang/Class;)Z @ 14
Event: 4.044 Thread 0x0000000002673800 Uncommon trap: reason=unstable_if action=reinterpret pc=0x0000000002e811c8 method=sun.nio.cs.UTF_8$Decoder.decode([BII[C)I @ 30

Internal exceptions (10 events):
Event: 3.691 Thread 0x0000000002673800 Exception <a 'java/lang/ClassNotFoundException': org/springframework/data/gemfire/CacheFactoryBeanCustomizer> (0x00000000f25ef778) thrown at [C:\re\workspace\8-2-build-windows-amd64-cygwin\jdk8u102\7268\hotspot\src\share\vm\classfile\systemDictionary.cpp, ÂQsºóå@
Event: 3.694 Thread 0x0000000002673800 Exception <a 'java/lang/ClassNotFoundException': org/springframework/beans/factory/BeanClassLoaderAwareCustomizer> (0x00000000f266fce8) thrown at [C:\re\workspace\8-2-build-windows-amd64-cygwin\jdk8u102\7268\hotspot\src\share\vm\classfile\systemDictionary.£*⁄Ω?ç@
Event: 3.694 Thread 0x0000000002673800 Exception <a 'java/lang/ClassNotFoundException': org/springframework/beans/factory/BeanFactoryAwareCustomizer> (0x00000000f2681720) thrown at [C:\re\workspace\8-2-build-windows-amd64-cygwin\jdk8u102\7268\hotspot\src\share\vm\classfile\systemDictionary.cpp,—±Ÿ,é@
Event: 3.694 Thread 0x0000000002673800 Exception <a 'java/lang/ClassNotFoundException': org/springframework/beans/factory/BeanNameAwareCustomizer> (0x00000000f2692be0) thrown at [C:\re\workspace\8-2-build-windows-amd64-cygwin\jdk8u102\7268\hotspot\src\share\vm\classfile\systemDictionary.cpp, liÓ±rõòé@
Event: 3.695 Thread 0x0000000002673800 Exception <a 'java/lang/ClassNotFoundException': org/springframework/beans/factory/FactoryBeanCustomizer> (0x00000000f26a3658) thrown at [C:\re\workspace\8-2-build-windows-amd64-cygwin\jdk8u102\7268\hotspot\src\share\vm\classfile\systemDictionary.cpp, lineÀLASè@
Event: 3.695 Thread 0x0000000002673800 Exception <a 'java/lang/ClassNotFoundException': org/springframework/context/PhasedCustomizer> (0x00000000f26b4730) thrown at [C:\re\workspace\8-2-build-windows-amd64-cygwin\jdk8u102\7268\hotspot\src\share\vm\classfile\systemDictionary.cpp, line 210]
Event: 3.695 Thread 0x0000000002673800 Exception <a 'java/lang/ClassNotFoundException': org/springframework/beans/factory/InitializingBeanCustomizer> (0x00000000f26c5df0) thrown at [C:\re\workspace\8-2-build-windows-amd64-cygwin\jdk8u102\7268\hotspot\src\share\vm\classfile\systemDictionary.cpp,gtŒø}ê@
Event: 3.696 Thread 0x0000000002673800 Exception <a 'java/lang/ClassNotFoundException': org/springframework/beans/factory/DisposableBeanCustomizer> (0x00000000f26d6488) thrown at [C:\re\workspace\8-2-build-windows-amd64-cygwin\jdk8u102\7268\hotspot\src\share\vm\classfile\systemDictionary.cpp, l
Event: 3.696 Thread 0x0000000002673800 Exception <a 'java/lang/ClassNotFoundException': org/springframework/dao/support/PersistenceExceptionTranslatorCustomizer> (0x00000000f26e98a8) thrown at [C:\re\workspace\8-2-build-windows-amd64-cygwin\jdk8u102\7268\hotspot\src\share\vm\classfile\systemDic%V…9¨-@
Event: 4.045 Thread 0x0000000002673800 Exception <a 'java/lang/reflect/InvocationTargetException'> (0x00000000eb9923e8) thrown at [C:\re\workspace\8-2-build-windows-amd64-cygwin\jdk8u102\7268\hotspot\src\share\vm\runtime\reflection.cpp, line 1092]

Events (10 events):
Event: 4.060 loading class org/apache/logging/log4j/core/config/plugins/util/ResolverUtil done
Event: 4.061 loading class org/apache/logging/log4j/web/WebLookup
Event: 4.061 loading class org/apache/logging/log4j/web/WebLookup done
Event: 4.061 loading class org/apache/logging/log4j/web/WebLookup
Event: 4.061 loading class org/apache/logging/log4j/web/WebLookup done
Event: 4.061 loading class org/apache/logging/log4j/core/util/Closer
Event: 4.061 loading class org/apache/logging/log4j/core/util/Closer done
Event: 4.062 loading class javax/xml/parsers/DocumentBuilderFactory
Event: 4.062 loading class javax/xml/parsers/DocumentBuilderFactory done
Event: 4.062 loading class com/sun/org/apache/xerces/internal/jaxp/DocumentBuilderFactoryImpl


Dynamic libraries:
0x00007ff7e4770000 - 0x00007ff7e47a7000 	C:\Program Files\Java\jre1.8.0_102\bin\javaw.exe
0x00007ff855d70000 - 0x00007ff855f51000 	C:\WINDOWS\SYSTEM32\ntdll.dll
0x00007ff854b80000 - 0x00007ff854c32000 	C:\WINDOWS\System32\KERNEL32.DLL
0x00007ff852740000 - 0x00007ff8529b3000 	C:\WINDOWS\System32\KERNELBASE.dll
0x00007ff854d50000 - 0x00007ff854df1000 	C:\WINDOWS\System32\ADVAPI32.dll
0x00007ff855490000 - 0x00007ff85552e000 	C:\WINDOWS\System32\msvcrt.dll
0x00007ff8553b0000 - 0x00007ff85540b000 	C:\WINDOWS\System32\sechost.dll
0x00007ff855530000 - 0x00007ff855654000 	C:\WINDOWS\System32\RPCRT4.dll
0x00007ff855210000 - 0x00007ff8553a0000 	C:\WINDOWS\System32\USER32.dll
0x00007ff852140000 - 0x00007ff852160000 	C:\WINDOWS\System32\win32u.dll
0x00007ff854a80000 - 0x00007ff854aa8000 	C:\WINDOWS\System32\GDI32.dll
0x00007ff852160000 - 0x00007ff8522f2000 	C:\WINDOWS\System32\gdi32full.dll
0x00007ff852360000 - 0x00007ff8523ff000 	C:\WINDOWS\System32\msvcp_win.dll
0x00007ff852450000 - 0x00007ff85254a000 	C:\WINDOWS\System32\ucrtbase.dll
0x00007ff849520000 - 0x00007ff849789000 	C:\WINDOWS\WinSxS\amd64_microsoft.windows.common-controls_6595b64144ccf1df_6.0.17134.345_none_fb429a5930656358\COMCTL32.dll
0x00007ff854640000 - 0x00007ff854963000 	C:\WINDOWS\System32\combase.dll
0x00007ff852a70000 - 0x00007ff852aea000 	C:\WINDOWS\System32\bcryptPrimitives.dll
0x00007ff855860000 - 0x00007ff85588d000 	C:\WINDOWS\System32\IMM32.DLL
0x000000006d680000 - 0x000000006d751000 	C:\Program Files\Java\jre1.8.0_102\bin\msvcr100.dll
0x000000006d980000 - 0x000000006e21a000 	C:\Program Files\Java\jre1.8.0_102\bin\server\jvm.dll
0x00007ff8553a0000 - 0x00007ff8553a8000 	C:\WINDOWS\System32\PSAPI.DLL
0x00007ff848870000 - 0x00007ff848893000 	C:\WINDOWS\SYSTEM32\WINMM.dll
0x00007ff850c60000 - 0x00007ff850c69000 	C:\WINDOWS\SYSTEM32\WSOCK32.dll
0x00007ff8492a0000 - 0x00007ff8492aa000 	C:\WINDOWS\SYSTEM32\VERSION.dll
0x00007ff854970000 - 0x00007ff8549dc000 	C:\WINDOWS\System32\WS2_32.dll
0x00007ff848840000 - 0x00007ff84886a000 	C:\WINDOWS\SYSTEM32\WINMMBASE.dll
0x00007ff852400000 - 0x00007ff852449000 	C:\WINDOWS\System32\cfgmgr32.dll
0x000000006d890000 - 0x000000006d89f000 	C:\Program Files\Java\jre1.8.0_102\bin\verify.dll
0x000000006d860000 - 0x000000006d889000 	C:\Program Files\Java\jre1.8.0_102\bin\java.dll
0x000000006d840000 - 0x000000006d856000 	C:\Program Files\Java\jre1.8.0_102\bin\zip.dll
0x00007ff853200000 - 0x00007ff85463f000 	C:\WINDOWS\System32\SHELL32.dll
0x00007ff854f80000 - 0x00007ff855029000 	C:\WINDOWS\System32\shcore.dll
0x00007ff852af0000 - 0x00007ff8531fd000 	C:\WINDOWS\System32\windows.storage.dll
0x00007ff855ce0000 - 0x00007ff855d31000 	C:\WINDOWS\System32\shlwapi.dll
0x00007ff8520e0000 - 0x00007ff8520f1000 	C:\WINDOWS\System32\kernel.appcore.dll
0x00007ff852120000 - 0x00007ff85213f000 	C:\WINDOWS\System32\profapi.dll
0x00007ff852080000 - 0x00007ff8520cc000 	C:\WINDOWS\System32\powrprof.dll
0x00007ff8520d0000 - 0x00007ff8520da000 	C:\WINDOWS\System32\FLTLIB.DLL
0x000000006d760000 - 0x000000006d76d000 	C:\Program Files\Java\jre1.8.0_102\bin\management.dll
0x000000006d820000 - 0x000000006d83a000 	C:\Program Files\Java\jre1.8.0_102\bin\net.dll
0x00007ff851900000 - 0x00007ff851966000 	C:\WINDOWS\system32\mswsock.dll
0x00007ff826260000 - 0x00007ff826276000 	C:\WINDOWS\system32\napinsp.dll
0x00007ff8244e0000 - 0x00007ff8244fa000 	C:\WINDOWS\system32\pnrpnsp.dll
0x00007ff84e170000 - 0x00007ff84e189000 	C:\WINDOWS\system32\NLAapi.dll
0x00007ff8516c0000 - 0x00007ff85177e000 	C:\WINDOWS\SYSTEM32\DNSAPI.dll
0x00007ff854c50000 - 0x00007ff854c58000 	C:\WINDOWS\System32\NSI.dll
0x00007ff851680000 - 0x00007ff8516b8000 	C:\WINDOWS\SYSTEM32\IPHLPAPI.DLL
0x00007ff825ff0000 - 0x00007ff825ffe000 	C:\WINDOWS\System32\winrnr.dll
0x00007ff84b3a0000 - 0x00007ff84b3aa000 	C:\Windows\System32\rasadhlp.dll
0x00007ff84a380000 - 0x00007ff84a3f2000 	C:\WINDOWS\System32\fwpuclnt.dll
0x00007ff851be0000 - 0x00007ff851c05000 	C:\WINDOWS\SYSTEM32\bcrypt.dll
0x000000006d7b0000 - 0x000000006d7c1000 	C:\Program Files\Java\jre1.8.0_102\bin\nio.dll
0x00007ff851ab0000 - 0x00007ff851ac7000 	C:\WINDOWS\SYSTEM32\CRYPTSP.dll
0x00007ff8514e0000 - 0x00007ff851513000 	C:\WINDOWS\system32\rsaenh.dll
0x00007ff851fb0000 - 0x00007ff851fd8000 	C:\WINDOWS\SYSTEM32\USERENV.dll
0x00007ff851ad0000 - 0x00007ff851adb000 	C:\WINDOWS\SYSTEM32\CRYPTBASE.dll
0x00007ff84bca0000 - 0x00007ff84bcb6000 	C:\WINDOWS\SYSTEM32\dhcpcsvc6.DLL
0x00007ff84bd70000 - 0x00007ff84bd8a000 	C:\WINDOWS\SYSTEM32\dhcpcsvc.DLL
0x00007ff84e290000 - 0x00007ff84e299000 	C:\Users\quanj\AppData\Local\Temp\jansi-64-1.8.dll
0x000000006d5d0000 - 0x000000006d673000 	C:\WINDOWS\WinSxS\amd64_microsoft.vc90.crt_1fc8b3b9a1e18e3b_9.0.30729.9415_none_08e0c10ba840a28a\MSVCR90.dll

VM Arguments:
jvm_args: -Dfile.encoding=UTF-8 
java_command: com.todoservice.gemfirerestapi.SpringBootGemfireRestfulApiApplication
java_class_path (initial): C:\myProject\test-api\test-api\complete\target\classes;C:\Users\quanj\.m2\repository\org\springframework\boot\spring-boot-starter\1.4.3.RELEASE\spring-boot-starter-1.4.3.RELEASE.jar;C:\Users\quanj\.m2\repository\org\springframework\boot\spring-boot\1.4.3.RELEASE\spring-boot-1.4.3.RELEASE.jar;C:\Users\quanj\.m2\repository\org\springframework\spring-context\4.3.5.RELEASE\spring-context-4.3.5.RELEASE.jar;C:\Users\quanj\.m2\repository\org\springframework\spring-aop\4.3.5.RELEASE\spring-aop-4.3.5.RELEASE.jar;C:\Users\quanj\.m2\repository\org\springframework\spring-expression\4.3.5.RELEASE\spring-expression-4.3.5.RELEASE.jar;C:\Users\quanj\.m2\repository\org\springframework\boot\spring-boot-autoconfigure\1.4.3.RELEASE\spring-boot-autoconfigure-1.4.3.RELEASE.jar;C:\Users\quanj\.m2\repository\org\springframework\boot\spring-boot-starter-logging\1.4.3.RELEASE\spring-boot-starter-logging-1.4.3.RELEASE.jar;C:\Users\quanj\.m2\repository\ch\qos\logback\logback-classic\1.1.8\logback-classic-1.1.8.jar;C:\Users\quanj\.m2\repository\ch\qos\logback\logback-core\1.1.8\logback-core-1.1.8.jar;C:\Users\quanj\.m2\repository\org\slf4j\jcl-over-slf4j\1.7.22\jcl-over-slf4j-1.7.22.jar;C:\Users\quanj\.m2\repository\org\slf4j\jul-to-slf4j\1.7.22\jul-to-slf4j-1.7.22.jar;C:\Users\quanj\.m2\repository\org\slf4j\log4j-over-slf4j\1.7.22\log4j-over-slf4j-1.7.22.jar;C:\Users\quanj\.m2\repository\org\springframework\spring-core\4.3.5.RELEASE\spring-core-4.3.5.RELEASE.jar;C:\Users\quanj\.m2\repository\org\yaml\snakeyaml\1.17\snakeyaml-1.17.jar;C:\Users\quanj\.m2\repository\org\springframework\boot\spring-boot-starter-data-gemfire\1.4.3.RELEASE\spring-boot-starter-data-gemfire-1.4.3.RELEASE.jar;C:\Users\quanj\.m2\repository\org\springframework\data\spring-data-gemfire\1.8.6.RELEASE\spring-data-gemfire-1.8.6.RELEASE.jar;C:\Users\quanj\.m2\repository\org\springframework\spring-tx\4.3.5.RELEASE\spring-tx-4.3.5.RELEASE.jar;C:\Users\quanj\.m2\repository\org\springframework\data\sp
Launcher Type: SUN_STANDARD

Environment Variables:
PATH=C:/Program Files/Java/jre1.8.0_102/bin/server;C:/Program Files/Java/jre1.8.0_102/bin;C:/Program Files/Java/jre1.8.0_102/lib/amd64;C:\ProgramData\Oracle\Java\javapath;C:\Program Files (x86)\Intel\iCLS Client\;C:\Program Files\Intel\iCLS Client\;C:\Windows\system32;C:\Windows;C:\Windows\System32\Wbem;C:\Windows\System32\WindowsPowerShell\v1.0\;C:\Program Files (x86)\Intel\Intel(R) Management Engine Components\DAL;C:\Program Files\Intel\Intel(R) Management Engine Components\DAL;C:\Program Files (x86)\Intel\Intel(R) Management Engine Components\IPT;C:\Program Files\Intel\Intel(R) Management Engine Components\IPT;C:\Program Files (x86)\NVIDIA Corporation\PhysX\Common;C:\Program Files\Git\cmd;C:\php;C:\php\ext;C:\Program Files (x86)\MySQL\MySQL Fabric 1.5 & MySQL Utilities 1.5\;C:\Program Files (x86)\MySQL\MySQL Fabric 1.5 & MySQL Utilities 1.5\Doctrine extensions for PHP\;C:\WINDOWS\system32;C:\WINDOWS;C:\WINDOWS\System32\Wbem;C:\WINDOWS\System32\WindowsPowerShell\v1.0\;C:\Users\quanj\.dnx\bin;C:\Program Files\Microsoft DNX\Dnvm\;C:\Program Files\Microsoft SQL Server\130\Tools\Binn\;C:\Program Files (x86)\GtkSharp\2.12\bin;C:\Program Files\nodejs\;C:\Program Files\dotnet\;C:\Program Files (x86)\dotnet\;C:\WINDOWS\System32\OpenSSH\;C:\Program Files\Intel\WiFi\bin\;C:\Program Files\Common Files\Intel\WirelessCommon\;C:\Ruby22-x64\bin;C:\Ruby22-x64\lib\ruby\gems\2.2.0\gems;C:\Users\quanj\AppData\Local\Microsoft\WindowsApps;C:\Users\quanj\AppData\Roaming\npm;;C:\Users\quanj\AppData\Local\Programs\Microsoft VS Code\bin;C:\Program Files\heroku\bin;C:\myProject\eclipse;
USERNAME=quanj
OS=Windows_NT
PROCESSOR_IDENTIFIER=Intel64 Family 6 Model 94 Stepping 3, GenuineIntel



---------------  S Y S T E M  ---------------

OS: Windows 10.0 , 64 bit Build 17134 (10.0.17134.1)

CPU:total 4 (4 cores per cpu, 1 threads per core) family 6 model 94 stepping 3, cmov, cx8, fxsr, mmx, sse, sse2, sse3, ssse3, sse4.1, sse4.2, popcnt, avx, avx2, aes, clmul, erms, rtm, 3dnowpref, lzcnt, tsc, tscinvbit, bmi1, bmi2, adx

Memory: 4k page, physical 4059536k(456688k free), swap 5483920k(1100k free)

vm_info: Java HotSpot(TM) 64-Bit Server VM (25.102-b14) for windows-amd64 JRE (1.8.0_102-b14), built on Jun 22 2016 13:15:21 by "java_re" with MS VC++ 10.0 (VS2010)

time: Sun Nov 18 13:38:13 2018
elapsed time: 4 seconds (0d 0h 0m 4s)

