#
# There is insufficient memory for the Java Runtime Environment to continue.
# Native memory allocation (malloc) failed to allocate 1631856 bytes for Chunk::new
# Possible reasons:
#   The system is out of physical RAM or swap space
#   In 32 bit mode, the process size limit was hit
# Possible solutions:
#   Reduce memory load on the system
#   Increase physical memory or swap space
#   Check if swap backing store is full
#   Use 64 bit Java on a 64 bit OS
#   Decrease Java heap size (-Xmx/-Xms)
#   Decrease number of Java threads
#   Decrease Java thread stack sizes (-Xss)
#   Set larger code cache with -XX:ReservedCodeCacheSize=
# This output file may be truncated or incomplete.
#
#  Out of Memory Error (allocation.cpp:390), pid=8944, tid=0x000000000000343c
#
# JRE version: Java(TM) SE Runtime Environment (8.0_102-b14) (build 1.8.0_102-b14)
# Java VM: Java HotSpot(TM) 64-Bit Server VM (25.102-b14 mixed mode windows-amd64 compressed oops)
# Failed to write core dump. Minidumps are not enabled by default on client versions of Windows
#

---------------  T H R E A D  ---------------

Current thread (0x0000000014d41800):  JavaThread "C2 CompilerThread0" daemon [_thread_in_native, id=13372, stack(0x0000000016340000,0x0000000016440000)]

Stack: [0x0000000016340000,0x0000000016440000]
[error occurred during error reporting (printing stack bounds), id 0xc0000005]

Native frames: (J=compiled Java code, j=interpreted, Vv=VM code, C=native code)


Current CompileTask:
C2:   4053 3123       4       java.net.URLClassLoader$1::run (5 bytes)


---------------  P R O C E S S  ---------------

Java Threads: ( => current thread )
  0x0000000018475800 JavaThread "container-0" [_thread_blocked, id=13276, stack(0x000000001c900000,0x000000001ca00000)]
  0x0000000018474000 JavaThread "ContainerBackgroundProcessor[StandardEngine[Tomcat]]" daemon [_thread_blocked, id=12748, stack(0x000000001c800000,0x000000001c900000)]
  0x0000000018473800 JavaThread "localhost-startStop-1" daemon [_thread_blocked, id=1792, stack(0x000000001b650000,0x000000001b750000)]
  0x0000000018472000 JavaThread "Tomcat-startStop-1" daemon [_thread_blocked, id=7120, stack(0x000000001a4d0000,0x000000001a5d0000)]
  0x0000000014d9e800 JavaThread "Service Thread" daemon [_thread_blocked, id=13476, stack(0x0000000016a40000,0x0000000016b40000)]
  0x0000000014d49800 JavaThread "C1 CompilerThread2" daemon [_thread_blocked, id=12016, stack(0x0000000016540000,0x0000000016640000)]
  0x0000000014d44800 JavaThread "C2 CompilerThread1" daemon [_thread_in_native, id=556, stack(0x0000000016440000,0x0000000016540000)]
=>0x0000000014d41800 JavaThread "C2 CompilerThread0" daemon [_thread_in_native, id=13372, stack(0x0000000016340000,0x0000000016440000)]
  0x0000000014d40000 JavaThread "Attach Listener" daemon [_thread_blocked, id=10604, stack(0x0000000016240000,0x0000000016340000)]
  0x0000000014d3f000 JavaThread "Signal Dispatcher" daemon [_thread_blocked, id=13548, stack(0x0000000016140000,0x0000000016240000)]
  0x0000000014d2a800 JavaThread "Finalizer" daemon [_thread_blocked, id=7852, stack(0x0000000015fa0000,0x00000000160a0000)]
  0x0000000002792000 JavaThread "Reference Handler" daemon [_thread_blocked, id=8248, stack(0x0000000015ea0000,0x0000000015fa0000)]
  0x00000000026a3800 JavaThread "main" [_thread_in_native, id=6716, stack(0x00000000025a0000,0x00000000026a0000)]

Other Threads:
  0x0000000014d07800 VMThread [stack: 0x0000000015da0000,0x0000000015ea0000] [id=1564]
  0x00000000166a0000 WatcherThread [stack: 0x0000000016b40000,0x0000000016c40000] [id=4064]

VM state:not at safepoint (normal execution)

VM Mutex/Monitor currently owned by a thread: None

Heap:
 PSYoungGen      total 137216K, used 21367K [0x00000000eb580000, 0x00000000f6f00000, 0x0000000100000000)
  eden space 126976K, 8% used [0x00000000eb580000,0x00000000ec05e2d0,0x00000000f3180000)
  from space 10240K, 99% used [0x00000000f3180000,0x00000000f3b7f980,0x00000000f3b80000)
  to   space 12288K, 0% used [0x00000000f6300000,0x00000000f6300000,0x00000000f6f00000)
 ParOldGen       total 41472K, used 15215K [0x00000000c2000000, 0x00000000c4880000, 0x00000000eb580000)
  object space 41472K, 36% used [0x00000000c2000000,0x00000000c2edbe18,0x00000000c4880000)
 Metaspace       used 30677K, capacity 30982K, committed 31488K, reserved 1077248K
  class space    used 3876K, capacity 3994K, committed 4096K, reserved 1048576K

Card table byte_map: [0x0000000011b60000,0x0000000011d60000] byte_map_base: 0x0000000011550000

Marking Bits: (ParMarkBitMap*) 0x000000006e19a6c0
 Begin Bits: [0x00000000122b0000, 0x0000000013230000)
 End Bits:   [0x0000000013230000, 0x00000000141b0000)

Polling page: 0x00000000024f0000

CodeCache: size=245760Kb used=12195Kb max_used=12195Kb free=233564Kb
 bounds [0x00000000027a0000, 0x0000000003390000, 0x00000000117a0000]
 total_blobs=3570 nmethods=3158 adapters=323
 compilation: enabled

Compilation events (10 events):
Event: 3.938 Thread 0x0000000014d49800 3170   !   3       java.util.zip.Inflater::getBytesRead (23 bytes)
Event: 3.938 Thread 0x0000000014d49800 nmethod 3170 0x000000000337f6d0 code [0x000000000337f840, 0x000000000337fb68]
Event: 3.941 Thread 0x0000000014d49800 3171   !   3       java.util.zip.Inflater::getRemaining (19 bytes)
Event: 3.942 Thread 0x0000000014d49800 nmethod 3171 0x000000000337fc90 code [0x000000000337fde0, 0x00000000033800d0]
Event: 3.942 Thread 0x0000000014d49800 3172       3       java.io.PushbackInputStream::unread (47 bytes)
Event: 3.942 Thread 0x0000000014d49800 nmethod 3172 0x0000000003380190 code [0x0000000003380340, 0x00000000033807c8]
Event: 3.946 Thread 0x0000000014d49800 3173       3       java.util.zip.CRC32::getValue (10 bytes)
Event: 3.947 Thread 0x0000000014d49800 nmethod 3173 0x0000000003367810 code [0x0000000003367960, 0x0000000003367ad0]
Event: 3.947 Thread 0x0000000014d49800 3174       3       java.util.zip.ZipInputStream::readEnd (510 bytes)
Event: 3.951 Thread 0x0000000014d49800 nmethod 3174 0x0000000003380990 code [0x0000000003381320, 0x0000000003388498]

GC Heap History (10 events):
Event: 1.511 GC heap before
{Heap before GC invocations=6 (full 0):
 PSYoungGen      total 34304K, used 34290K [0x00000000eb580000, 0x00000000f0380000, 0x0000000100000000)
  eden space 31744K, 100% used [0x00000000eb580000,0x00000000ed480000,0x00000000ed480000)
  from space 2560K, 99% used [0x00000000ed480000,0x00000000ed6fc910,0x00000000ed700000)
  to   space 8192K, 0% used [0x00000000efb80000,0x00000000efb80000,0x00000000f0380000)
 ParOldGen       total 42496K, used 13052K [0x00000000c2000000, 0x00000000c4980000, 0x00000000eb580000)
  object space 42496K, 30% used [0x00000000c2000000,0x00000000c2cbf378,0x00000000c4980000)
 Metaspace       used 19361K, capacity 19642K, committed 19968K, reserved 1067008K
  class space    used 2402K, capacity 2472K, committed 2560K, reserved 1048576K
Event: 1.521 GC heap after
Heap after GC invocations=6 (full 0):
 PSYoungGen      total 70656K, used 4272K [0x00000000eb580000, 0x00000000f0280000, 0x0000000100000000)
  eden space 63488K, 0% used [0x00000000eb580000,0x00000000eb580000,0x00000000ef380000)
  from space 7168K, 59% used [0x00000000efb80000,0x00000000effac0e8,0x00000000f0280000)
  to   space 7680K, 0% used [0x00000000ef380000,0x00000000ef380000,0x00000000efb00000)
 ParOldGen       total 42496K, used 13052K [0x00000000c2000000, 0x00000000c4980000, 0x00000000eb580000)
  object space 42496K, 30% used [0x00000000c2000000,0x00000000c2cbf378,0x00000000c4980000)
 Metaspace       used 19361K, capacity 19642K, committed 19968K, reserved 1067008K
  class space    used 2402K, capacity 2472K, committed 2560K, reserved 1048576K
}
Event: 2.072 GC heap before
{Heap before GC invocations=7 (full 0):
 PSYoungGen      total 70656K, used 67760K [0x00000000eb580000, 0x00000000f0280000, 0x0000000100000000)
  eden space 63488K, 100% used [0x00000000eb580000,0x00000000ef380000,0x00000000ef380000)
  from space 7168K, 59% used [0x00000000efb80000,0x00000000effac0e8,0x00000000f0280000)
  to   space 7680K, 0% used [0x00000000ef380000,0x00000000ef380000,0x00000000efb00000)
 ParOldGen       total 42496K, used 13052K [0x00000000c2000000, 0x00000000c4980000, 0x00000000eb580000)
  object space 42496K, 30% used [0x00000000c2000000,0x00000000c2cbf378,0x00000000c4980000)
 Metaspace       used 19630K, capacity 19872K, committed 20224K, reserved 1067008K
  class space    used 2431K, capacity 2505K, committed 2560K, reserved 1048576K
Event: 2.087 GC heap after
Heap after GC invocations=7 (full 0):
 PSYoungGen      total 71168K, used 7648K [0x00000000eb580000, 0x00000000f4680000, 0x0000000100000000)
  eden space 63488K, 0% used [0x00000000eb580000,0x00000000eb580000,0x00000000ef380000)
  from space 7680K, 99% used [0x00000000ef380000,0x00000000efaf83d8,0x00000000efb00000)
  to   space 10752K, 0% used [0x00000000f3c00000,0x00000000f3c00000,0x00000000f4680000)
 ParOldGen       total 42496K, used 16585K [0x00000000c2000000, 0x00000000c4980000, 0x00000000eb580000)
  object space 42496K, 39% used [0x00000000c2000000,0x00000000c3032410,0x00000000c4980000)
 Metaspace       used 19630K, capacity 19872K, committed 20224K, reserved 1067008K
  class space    used 2431K, capacity 2505K, committed 2560K, reserved 1048576K
}
Event: 2.306 GC heap before
{Heap before GC invocations=8 (full 0):
 PSYoungGen      total 71168K, used 37206K [0x00000000eb580000, 0x00000000f4680000, 0x0000000100000000)
  eden space 63488K, 46% used [0x00000000eb580000,0x00000000ed25d610,0x00000000ef380000)
  from space 7680K, 99% used [0x00000000ef380000,0x00000000efaf83d8,0x00000000efb00000)
  to   space 10752K, 0% used [0x00000000f3c00000,0x00000000f3c00000,0x00000000f4680000)
 ParOldGen       total 42496K, used 16585K [0x00000000c2000000, 0x00000000c4980000, 0x00000000eb580000)
  object space 42496K, 39% used [0x00000000c2000000,0x00000000c3032410,0x00000000c4980000)
 Metaspace       used 20747K, capacity 21068K, committed 21296K, reserved 1069056K
  class space    used 2579K, capacity 2667K, committed 2688K, reserved 1048576K
Event: 2.316 GC heap after
Heap after GC invocations=8 (full 0):
 PSYoungGen      total 136704K, used 5355K [0x00000000eb580000, 0x00000000f4580000, 0x0000000100000000)
  eden space 126976K, 0% used [0x00000000eb580000,0x00000000eb580000,0x00000000f3180000)
  from space 9728K, 55% used [0x00000000f3c00000,0x00000000f413aed0,0x00000000f4580000)
  to   space 10240K, 0% used [0x00000000f3180000,0x00000000f3180000,0x00000000f3b80000)
 ParOldGen       total 42496K, used 17340K [0x00000000c2000000, 0x00000000c4980000, 0x00000000eb580000)
  object space 42496K, 40% used [0x00000000c2000000,0x00000000c30ef390,0x00000000c4980000)
 Metaspace       used 20747K, capacity 21068K, committed 21296K, reserved 1069056K
  class space    used 2579K, capacity 2667K, committed 2688K, reserved 1048576K
}
Event: 2.316 GC heap before
{Heap before GC invocations=9 (full 1):
 PSYoungGen      total 136704K, used 5355K [0x00000000eb580000, 0x00000000f4580000, 0x0000000100000000)
  eden space 126976K, 0% used [0x00000000eb580000,0x00000000eb580000,0x00000000f3180000)
  from space 9728K, 55% used [0x00000000f3c00000,0x00000000f413aed0,0x00000000f4580000)
  to   space 10240K, 0% used [0x00000000f3180000,0x00000000f3180000,0x00000000f3b80000)
 ParOldGen       total 42496K, used 17340K [0x00000000c2000000, 0x00000000c4980000, 0x00000000eb580000)
  object space 42496K, 40% used [0x00000000c2000000,0x00000000c30ef390,0x00000000c4980000)
 Metaspace       used 20747K, capacity 21068K, committed 21296K, reserved 1069056K
  class space    used 2579K, capacity 2667K, committed 2688K, reserved 1048576K
Event: 2.378 GC heap after
Heap after GC invocations=9 (full 1):
 PSYoungGen      total 136704K, used 0K [0x00000000eb580000, 0x00000000f4580000, 0x0000000100000000)
  eden space 126976K, 0% used [0x00000000eb580000,0x00000000eb580000,0x00000000f3180000)
  from space 9728K, 0% used [0x00000000f3c00000,0x00000000f3c00000,0x00000000f4580000)
  to   space 10240K, 0% used [0x00000000f3180000,0x00000000f3180000,0x00000000f3b80000)
 ParOldGen       total 41472K, used 12625K [0x00000000c2000000, 0x00000000c4880000, 0x00000000eb580000)
  object space 41472K, 30% used [0x00000000c2000000,0x00000000c2c54458,0x00000000c4880000)
 Metaspace       used 20747K, capacity 21068K, committed 21296K, reserved 1069056K
  class space    used 2579K, capacity 2667K, committed 2688K, reserved 1048576K
}
Event: 3.810 GC heap before
{Heap before GC invocations=10 (full 1):
 PSYoungGen      total 136704K, used 126976K [0x00000000eb580000, 0x00000000f4580000, 0x0000000100000000)
  eden space 126976K, 100% used [0x00000000eb580000,0x00000000f3180000,0x00000000f3180000)
  from space 9728K, 0% used [0x00000000f3c00000,0x00000000f3c00000,0x00000000f4580000)
  to   space 10240K, 0% used [0x00000000f3180000,0x00000000f3180000,0x00000000f3b80000)
 ParOldGen       total 41472K, used 12625K [0x00000000c2000000, 0x00000000c4880000, 0x00000000eb580000)
  object space 41472K, 30% used [0x00000000c2000000,0x00000000c2c54458,0x00000000c4880000)
 Metaspace       used 29431K, capacity 29818K, committed 30208K, reserved 1075200K
  class space    used 3706K, capacity 3800K, committed 3840K, reserved 1048576K
Event: 3.830 GC heap after
Heap after GC invocations=10 (full 1):
 PSYoungGen      total 137216K, used 10238K [0x00000000eb580000, 0x00000000f6f00000, 0x0000000100000000)
  eden space 126976K, 0% used [0x00000000eb580000,0x00000000eb580000,0x00000000f3180000)
  from space 10240K, 99% used [0x00000000f3180000,0x00000000f3b7f980,0x00000000f3b80000)
  to   space 12288K, 0% used [0x00000000f6300000,0x00000000f6300000,0x00000000f6f00000)
 ParOldGen       total 41472K, used 15215K [0x00000000c2000000, 0x00000000c4880000, 0x00000000eb580000)
  object space 41472K, 36% used [0x00000000c2000000,0x00000000c2edbe18,0x00000000c4880000)
 Metaspace       used 29431K, capacity 29818K, committed 30208K, reserved 1075200K
  class space    used 3706K, capacity 3800K, committed 3840K, reserved 1048576K
}

Deoptimization events (10 events):
Event: 3.017 Thread 0x00000000026a3800 Uncommon trap: reason=array_check action=maybe_recompile pc=0x00000000031f0f6c method=java.util.AbstractCollection.toArray([Ljava/lang/Object;)[Ljava/lang/Object; @ 119
Event: 3.018 Thread 0x00000000026a3800 Uncommon trap: reason=unstable_if action=reinterpret pc=0x00000000031f3a00 method=org.springframework.beans.factory.support.DefaultSingletonBeanRegistry.getSingleton(Ljava/lang/String;Z)Ljava/lang/Object; @ 43
Event: 3.185 Thread 0x00000000026a3800 Uncommon trap: reason=unstable_if action=reinterpret pc=0x0000000002ab1e00 method=java.util.Properties.loadConvert([CII[C)Ljava/lang/String; @ 57
Event: 3.260 Thread 0x00000000026a3800 Uncommon trap: reason=bimorphic action=maybe_recompile pc=0x0000000002efc580 method=org.springframework.util.CollectionUtils.isEmpty(Ljava/util/Collection;)Z @ 5
Event: 3.341 Thread 0x0000000018473800 Uncommon trap: reason=unstable_if action=reinterpret pc=0x0000000002f12aa8 method=java.io.WinNTFileSystem.normalizePrefix(Ljava/lang/String;ILjava/lang/StringBuffer;)I @ 102
Event: 3.504 Thread 0x0000000018473800 Uncommon trap: reason=unstable_if action=reinterpret pc=0x0000000002eafc8c method=org.springframework.util.ConcurrentReferenceHashMap$Segment.findInChain(Lorg/springframework/util/ConcurrentReferenceHashMap$Reference;Ljava/lang/Object;I)Lorg/springframewor-úÿ1˘@
Event: 3.622 Thread 0x00000000026a3800 Uncommon trap: reason=bimorphic action=maybe_recompile pc=0x0000000002f0b070 method=java.util.Hashtable.get(Ljava/lang/Object;)Ljava/lang/Object; @ 6
Event: 3.622 Thread 0x00000000026a3800 Uncommon trap: reason=bimorphic action=maybe_recompile pc=0x0000000002f0b070 method=java.util.Hashtable.get(Ljava/lang/Object;)Ljava/lang/Object; @ 6
Event: 3.896 Thread 0x00000000026a3800 Uncommon trap: reason=unstable_if action=reinterpret pc=0x0000000002ee0908 method=sun.nio.cs.UTF_8$Decoder.decode([BII[C)I @ 30
Event: 3.917 Thread 0x00000000026a3800 Uncommon trap: reason=unstable_if action=reinterpret pc=0x0000000002c50c94 method=com.sun.org.apache.xerces.internal.util.SymbolTable.addSymbol([CII)Ljava/lang/String; @ 64

Internal exceptions (10 events):
Event: 3.684 Thread 0x00000000026a3800 Exception <a 'java/lang/ClassNotFoundException': org/springframework/data/gemfire/CacheFactoryBeanCustomizer> (0x00000000f24ad338) thrown at [C:\re\workspace\8-2-build-windows-amd64-cygwin\jdk8u102\7268\hotspot\src\share\vm\classfile\systemDictionary.cpp, öÕFYî}@
Event: 3.686 Thread 0x00000000026a3800 Exception <a 'java/lang/ClassNotFoundException': org/springframework/beans/factory/BeanClassLoaderAwareCustomizer> (0x00000000f252d888) thrown at [C:\re\workspace\8-2-build-windows-amd64-cygwin\jdk8u102\7268\hotspot\src\share\vm\classfile\systemDictionary.Uòÿ¸Ö~@
Event: 3.687 Thread 0x00000000026a3800 Exception <a 'java/lang/ClassNotFoundException': org/springframework/beans/factory/BeanFactoryAwareCustomizer> (0x00000000f253f2c0) thrown at [C:\re\workspace\8-2-build-windows-amd64-cygwin\jdk8u102\7268\hotspot\src\share\vm\classfile\systemDictionary.cpp,çZD€@
Event: 3.687 Thread 0x00000000026a3800 Exception <a 'java/lang/ClassNotFoundException': org/springframework/beans/factory/BeanNameAwareCustomizer> (0x00000000f2550780) thrown at [C:\re\workspace\8-2-build-windows-amd64-cygwin\jdk8u102\7268\hotspot\src\share\vm\classfile\systemDictionary.cpp, li%	~©@
Event: 3.687 Thread 0x00000000026a3800 Exception <a 'java/lang/ClassNotFoundException': org/springframework/beans/factory/FactoryBeanCustomizer> (0x00000000f25611f8) thrown at [C:\re\workspace\8-2-build-windows-amd64-cygwin\jdk8u102\7268\hotspot\src\share\vm\classfile\systemDictionary.cpp, lineØnAÃ_Å@
Event: 3.688 Thread 0x00000000026a3800 Exception <a 'java/lang/ClassNotFoundException': org/springframework/context/PhasedCustomizer> (0x00000000f27ed128) thrown at [C:\re\workspace\8-2-build-windows-amd64-cygwin\jdk8u102\7268\hotspot\src\share\vm\classfile\systemDictionary.cpp, line 210]
Event: 3.689 Thread 0x00000000026a3800 Exception <a 'java/lang/ClassNotFoundException': org/springframework/beans/factory/InitializingBeanCustomizer> (0x00000000f27fe7e8) thrown at [C:\re\workspace\8-2-build-windows-amd64-cygwin\jdk8u102\7268\hotspot\src\share\vm\classfile\systemDictionary.cpp,Cµ©a´Ç@
Event: 3.689 Thread 0x00000000026a3800 Exception <a 'java/lang/ClassNotFoundException': org/springframework/beans/factory/DisposableBeanCustomizer> (0x00000000f280ee80) thrown at [C:\re\workspace\8-2-build-windows-amd64-cygwin\jdk8u102\7268\hotspot\src\share\vm\classfile\systemDictionary.cpp, l≥Œ·vKÉ@
Event: 3.689 Thread 0x00000000026a3800 Exception <a 'java/lang/ClassNotFoundException': org/springframework/dao/support/PersistenceExceptionTranslatorCustomizer> (0x00000000f28222a0) thrown at [C:\re\workspace\8-2-build-windows-amd64-cygwin\jdk8u102\7268\hotspot\src\share\vm\classfile\systemDic
Event: 3.896 Thread 0x00000000026a3800 Exception <a 'java/lang/reflect/InvocationTargetException'> (0x00000000ebd46840) thrown at [C:\re\workspace\8-2-build-windows-amd64-cygwin\jdk8u102\7268\hotspot\src\share\vm\runtime\reflection.cpp, line 1092]

Events (10 events):
Event: 4.017 Thread 0x00000000026a3800 DEOPT PACKING pc=0x0000000003375b5a sp=0x000000000269a1e0
Event: 4.017 Thread 0x00000000026a3800 DEOPT UNPACKING pc=0x00000000027e787f sp=0x000000000269a060 mode 0
Event: 4.025 Thread 0x00000000026a3800 DEOPT PACKING pc=0x0000000003375b5a sp=0x000000000269a1e0
Event: 4.025 Thread 0x00000000026a3800 DEOPT UNPACKING pc=0x00000000027e787f sp=0x000000000269a060 mode 0
Event: 4.033 Thread 0x00000000026a3800 DEOPT PACKING pc=0x0000000003375b5a sp=0x000000000269a1e0
Event: 4.033 Thread 0x00000000026a3800 DEOPT UNPACKING pc=0x00000000027e787f sp=0x000000000269a060 mode 0
Event: 4.041 Thread 0x00000000026a3800 DEOPT PACKING pc=0x0000000003375b5a sp=0x000000000269a1e0
Event: 4.041 Thread 0x00000000026a3800 DEOPT UNPACKING pc=0x00000000027e787f sp=0x000000000269a060 mode 0
Event: 4.048 Thread 0x00000000026a3800 DEOPT PACKING pc=0x0000000003375b5a sp=0x000000000269a1e0
Event: 4.048 Thread 0x00000000026a3800 DEOPT UNPACKING pc=0x00000000027e787f sp=0x000000000269a060 mode 0


Dynamic libraries:
0x00007ff7e4770000 - 0x00007ff7e47a7000 	C:\Program Files\Java\jre1.8.0_102\bin\javaw.exe
0x00007ff855d70000 - 0x00007ff855f51000 	C:\WINDOWS\SYSTEM32\ntdll.dll
0x00007ff854b80000 - 0x00007ff854c32000 	C:\WINDOWS\System32\KERNEL32.DLL
0x00007ff852740000 - 0x00007ff8529b3000 	C:\WINDOWS\System32\KERNELBASE.dll
0x00007ff854d50000 - 0x00007ff854df1000 	C:\WINDOWS\System32\ADVAPI32.dll
0x00007ff855490000 - 0x00007ff85552e000 	C:\WINDOWS\System32\msvcrt.dll
0x00007ff8553b0000 - 0x00007ff85540b000 	C:\WINDOWS\System32\sechost.dll
0x00007ff855530000 - 0x00007ff855654000 	C:\WINDOWS\System32\RPCRT4.dll
0x00007ff855210000 - 0x00007ff8553a0000 	C:\WINDOWS\System32\USER32.dll
0x00007ff852140000 - 0x00007ff852160000 	C:\WINDOWS\System32\win32u.dll
0x00007ff854a80000 - 0x00007ff854aa8000 	C:\WINDOWS\System32\GDI32.dll
0x00007ff852160000 - 0x00007ff8522f2000 	C:\WINDOWS\System32\gdi32full.dll
0x00007ff852360000 - 0x00007ff8523ff000 	C:\WINDOWS\System32\msvcp_win.dll
0x00007ff852450000 - 0x00007ff85254a000 	C:\WINDOWS\System32\ucrtbase.dll
0x00007ff849520000 - 0x00007ff849789000 	C:\WINDOWS\WinSxS\amd64_microsoft.windows.common-controls_6595b64144ccf1df_6.0.17134.345_none_fb429a5930656358\COMCTL32.dll
0x00007ff854640000 - 0x00007ff854963000 	C:\WINDOWS\System32\combase.dll
0x00007ff852a70000 - 0x00007ff852aea000 	C:\WINDOWS\System32\bcryptPrimitives.dll
0x00007ff855860000 - 0x00007ff85588d000 	C:\WINDOWS\System32\IMM32.DLL
0x000000006d680000 - 0x000000006d751000 	C:\Program Files\Java\jre1.8.0_102\bin\msvcr100.dll
0x000000006d980000 - 0x000000006e21a000 	C:\Program Files\Java\jre1.8.0_102\bin\server\jvm.dll
0x00007ff8553a0000 - 0x00007ff8553a8000 	C:\WINDOWS\System32\PSAPI.DLL
0x00007ff850c60000 - 0x00007ff850c69000 	C:\WINDOWS\SYSTEM32\WSOCK32.dll
0x00007ff8492a0000 - 0x00007ff8492aa000 	C:\WINDOWS\SYSTEM32\VERSION.dll
0x00007ff848870000 - 0x00007ff848893000 	C:\WINDOWS\SYSTEM32\WINMM.dll
0x00007ff854970000 - 0x00007ff8549dc000 	C:\WINDOWS\System32\WS2_32.dll
0x00007ff848840000 - 0x00007ff84886a000 	C:\WINDOWS\SYSTEM32\WINMMBASE.dll
0x00007ff852400000 - 0x00007ff852449000 	C:\WINDOWS\System32\cfgmgr32.dll
0x000000006d890000 - 0x000000006d89f000 	C:\Program Files\Java\jre1.8.0_102\bin\verify.dll
0x000000006d860000 - 0x000000006d889000 	C:\Program Files\Java\jre1.8.0_102\bin\java.dll
0x000000006d840000 - 0x000000006d856000 	C:\Program Files\Java\jre1.8.0_102\bin\zip.dll
0x00007ff853200000 - 0x00007ff85463f000 	C:\WINDOWS\System32\SHELL32.dll
0x00007ff854f80000 - 0x00007ff855029000 	C:\WINDOWS\System32\shcore.dll
0x00007ff852af0000 - 0x00007ff8531fd000 	C:\WINDOWS\System32\windows.storage.dll
0x00007ff855ce0000 - 0x00007ff855d31000 	C:\WINDOWS\System32\shlwapi.dll
0x00007ff8520e0000 - 0x00007ff8520f1000 	C:\WINDOWS\System32\kernel.appcore.dll
0x00007ff852120000 - 0x00007ff85213f000 	C:\WINDOWS\System32\profapi.dll
0x00007ff852080000 - 0x00007ff8520cc000 	C:\WINDOWS\System32\powrprof.dll
0x00007ff8520d0000 - 0x00007ff8520da000 	C:\WINDOWS\System32\FLTLIB.DLL
0x000000006d760000 - 0x000000006d76d000 	C:\Program Files\Java\jre1.8.0_102\bin\management.dll
0x000000006d820000 - 0x000000006d83a000 	C:\Program Files\Java\jre1.8.0_102\bin\net.dll
0x00007ff851900000 - 0x00007ff851966000 	C:\WINDOWS\system32\mswsock.dll
0x00007ff826260000 - 0x00007ff826276000 	C:\WINDOWS\system32\napinsp.dll
0x00007ff8244e0000 - 0x00007ff8244fa000 	C:\WINDOWS\system32\pnrpnsp.dll
0x00007ff84e170000 - 0x00007ff84e189000 	C:\WINDOWS\system32\NLAapi.dll
0x00007ff8516c0000 - 0x00007ff85177e000 	C:\WINDOWS\SYSTEM32\DNSAPI.dll
0x00007ff854c50000 - 0x00007ff854c58000 	C:\WINDOWS\System32\NSI.dll
0x00007ff851680000 - 0x00007ff8516b8000 	C:\WINDOWS\SYSTEM32\IPHLPAPI.DLL
0x00007ff825ff0000 - 0x00007ff825ffe000 	C:\WINDOWS\System32\winrnr.dll
0x00007ff84b3a0000 - 0x00007ff84b3aa000 	C:\Windows\System32\rasadhlp.dll
0x00007ff84a380000 - 0x00007ff84a3f2000 	C:\WINDOWS\System32\fwpuclnt.dll
0x00007ff851be0000 - 0x00007ff851c05000 	C:\WINDOWS\SYSTEM32\bcrypt.dll
0x000000006d7b0000 - 0x000000006d7c1000 	C:\Program Files\Java\jre1.8.0_102\bin\nio.dll
0x00007ff851ab0000 - 0x00007ff851ac7000 	C:\WINDOWS\SYSTEM32\CRYPTSP.dll
0x00007ff8514e0000 - 0x00007ff851513000 	C:\WINDOWS\system32\rsaenh.dll
0x00007ff851fb0000 - 0x00007ff851fd8000 	C:\WINDOWS\SYSTEM32\USERENV.dll
0x00007ff851ad0000 - 0x00007ff851adb000 	C:\WINDOWS\SYSTEM32\CRYPTBASE.dll
0x00007ff84bca0000 - 0x00007ff84bcb6000 	C:\WINDOWS\SYSTEM32\dhcpcsvc6.DLL
0x00007ff84bd70000 - 0x00007ff84bd8a000 	C:\WINDOWS\SYSTEM32\dhcpcsvc.DLL
0x00007ff84e290000 - 0x00007ff84e299000 	C:\Users\quanj\AppData\Local\Temp\jansi-64-1.8.dll
0x000000006d5d0000 - 0x000000006d673000 	C:\WINDOWS\WinSxS\amd64_microsoft.vc90.crt_1fc8b3b9a1e18e3b_9.0.30729.9415_none_08e0c10ba840a28a\MSVCR90.dll

VM Arguments:
jvm_args: -Dfile.encoding=UTF-8 
java_command: com.todoservice.gemfirerestapi.SpringBootGemfireRestfulApiApplication
java_class_path (initial): C:\myProject\test-api\test-api\complete\target\classes;C:\Users\quanj\.m2\repository\org\springframework\boot\spring-boot-starter\1.4.3.RELEASE\spring-boot-starter-1.4.3.RELEASE.jar;C:\Users\quanj\.m2\repository\org\springframework\boot\spring-boot\1.4.3.RELEASE\spring-boot-1.4.3.RELEASE.jar;C:\Users\quanj\.m2\repository\org\springframework\spring-context\4.3.5.RELEASE\spring-context-4.3.5.RELEASE.jar;C:\Users\quanj\.m2\repository\org\springframework\spring-aop\4.3.5.RELEASE\spring-aop-4.3.5.RELEASE.jar;C:\Users\quanj\.m2\repository\org\springframework\spring-expression\4.3.5.RELEASE\spring-expression-4.3.5.RELEASE.jar;C:\Users\quanj\.m2\repository\org\springframework\boot\spring-boot-autoconfigure\1.4.3.RELEASE\spring-boot-autoconfigure-1.4.3.RELEASE.jar;C:\Users\quanj\.m2\repository\org\springframework\boot\spring-boot-starter-logging\1.4.3.RELEASE\spring-boot-starter-logging-1.4.3.RELEASE.jar;C:\Users\quanj\.m2\repository\ch\qos\logback\logback-classic\1.1.8\logback-classic-1.1.8.jar;C:\Users\quanj\.m2\repository\ch\qos\logback\logback-core\1.1.8\logback-core-1.1.8.jar;C:\Users\quanj\.m2\repository\org\slf4j\jcl-over-slf4j\1.7.22\jcl-over-slf4j-1.7.22.jar;C:\Users\quanj\.m2\repository\org\slf4j\jul-to-slf4j\1.7.22\jul-to-slf4j-1.7.22.jar;C:\Users\quanj\.m2\repository\org\slf4j\log4j-over-slf4j\1.7.22\log4j-over-slf4j-1.7.22.jar;C:\Users\quanj\.m2\repository\org\springframework\spring-core\4.3.5.RELEASE\spring-core-4.3.5.RELEASE.jar;C:\Users\quanj\.m2\repository\org\yaml\snakeyaml\1.17\snakeyaml-1.17.jar;C:\Users\quanj\.m2\repository\org\springframework\boot\spring-boot-starter-data-gemfire\1.4.3.RELEASE\spring-boot-starter-data-gemfire-1.4.3.RELEASE.jar;C:\Users\quanj\.m2\repository\org\springframework\data\spring-data-gemfire\1.8.6.RELEASE\spring-data-gemfire-1.8.6.RELEASE.jar;C:\Users\quanj\.m2\repository\org\springframework\spring-tx\4.3.5.RELEASE\spring-tx-4.3.5.RELEASE.jar;C:\Users\quanj\.m2\repository\org\springframework\data\sp
Launcher Type: SUN_STANDARD

Environment Variables:
PATH=C:/Program Files/Java/jre1.8.0_102/bin/server;C:/Program Files/Java/jre1.8.0_102/bin;C:/Program Files/Java/jre1.8.0_102/lib/amd64;C:\ProgramData\Oracle\Java\javapath;C:\Program Files (x86)\Intel\iCLS Client\;C:\Program Files\Intel\iCLS Client\;C:\Windows\system32;C:\Windows;C:\Windows\System32\Wbem;C:\Windows\System32\WindowsPowerShell\v1.0\;C:\Program Files (x86)\Intel\Intel(R) Management Engine Components\DAL;C:\Program Files\Intel\Intel(R) Management Engine Components\DAL;C:\Program Files (x86)\Intel\Intel(R) Management Engine Components\IPT;C:\Program Files\Intel\Intel(R) Management Engine Components\IPT;C:\Program Files (x86)\NVIDIA Corporation\PhysX\Common;C:\Program Files\Git\cmd;C:\php;C:\php\ext;C:\Program Files (x86)\MySQL\MySQL Fabric 1.5 & MySQL Utilities 1.5\;C:\Program Files (x86)\MySQL\MySQL Fabric 1.5 & MySQL Utilities 1.5\Doctrine extensions for PHP\;C:\WINDOWS\system32;C:\WINDOWS;C:\WINDOWS\System32\Wbem;C:\WINDOWS\System32\WindowsPowerShell\v1.0\;C:\Users\quanj\.dnx\bin;C:\Program Files\Microsoft DNX\Dnvm\;C:\Program Files\Microsoft SQL Server\130\Tools\Binn\;C:\Program Files (x86)\GtkSharp\2.12\bin;C:\Program Files\nodejs\;C:\Program Files\dotnet\;C:\Program Files (x86)\dotnet\;C:\WINDOWS\System32\OpenSSH\;C:\Program Files\Intel\WiFi\bin\;C:\Program Files\Common Files\Intel\WirelessCommon\;C:\Ruby22-x64\bin;C:\Ruby22-x64\lib\ruby\gems\2.2.0\gems;C:\Users\quanj\AppData\Local\Microsoft\WindowsApps;C:\Users\quanj\AppData\Roaming\npm;;C:\Users\quanj\AppData\Local\Programs\Microsoft VS Code\bin;C:\Program Files\heroku\bin;C:\myProject\eclipse;
USERNAME=quanj
OS=Windows_NT
PROCESSOR_IDENTIFIER=Intel64 Family 6 Model 94 Stepping 3, GenuineIntel



---------------  S Y S T E M  ---------------

OS: Windows 10.0 , 64 bit Build 17134 (10.0.17134.1)

CPU:total 4 (4 cores per cpu, 1 threads per core) family 6 model 94 stepping 3, cmov, cx8, fxsr, mmx, sse, sse2, sse3, ssse3, sse4.1, sse4.2, popcnt, avx, avx2, aes, clmul, erms, rtm, 3dnowpref, lzcnt, tsc, tscinvbit, bmi1, bmi2, adx

Memory: 4k page, physical 4059536k(460416k free), swap 5483920k(6712k free)

vm_info: Java HotSpot(TM) 64-Bit Server VM (25.102-b14) for windows-amd64 JRE (1.8.0_102-b14), built on Jun 22 2016 13:15:21 by "java_re" with MS VC++ 10.0 (VS2010)

time: Sun Nov 18 13:38:45 2018
elapsed time: 4 seconds (0d 0h 0m 4s)

